#
# There is insufficient memory for the Java Runtime Environment to continue.
# Native memory allocation (malloc) failed to allocate 1048576 bytes for AllocateHeap
# Possible reasons:
#   The system is out of physical RAM or swap space
#   The process is running with CompressedOops enabled, and the Java Heap may be blocking the growth of the native heap
# Possible solutions:
#   Reduce memory load on the system
#   Increase physical memory or swap space
#   Check if swap backing store is full
#   Decrease Java heap size (-Xmx/-Xms)
#   Decrease number of Java threads
#   Decrease Java thread stack sizes (-Xss)
#   Set larger code cache with -XX:ReservedCodeCacheSize=
#   JVM is running with Unscaled Compressed Oops mode in which the Java heap is
#     placed in the first 4GB address space. The Java Heap base address is the
#     maximum limit for the native heap growth. Please use -XX:HeapBaseMinAddress
#     to set the Java Heap base and to place the Java Heap above 4GB virtual address.
# This output file may be truncated or incomplete.
#
#  Out of Memory Error (memory/allocation.inline.hpp:61), pid=13688, tid=0x0000000000001f54
#
# JRE version:  (8.0_371) (build )
# Java VM: Java HotSpot(TM) 64-Bit Server VM (25.371-b11 mixed mode windows-amd64 compressed oops)
# Failed to write core dump. Minidumps are not enabled by default on client versions of Windows
#

---------------  T H R E A D  ---------------

Current thread (0x0000022bb85a3000):  JavaThread "Unknown thread" [_thread_in_vm, id=8020, stack(0x000000f4ca300000,0x000000f4ca400000)]

Stack: [0x000000f4ca300000,0x000000f4ca400000]
Native frames: (J=compiled Java code, j=interpreted, Vv=VM code, C=native code)
V  [jvm.dll+0x34d9f9]
V  [jvm.dll+0x28aa12]
V  [jvm.dll+0x28b5dd]
V  [jvm.dll+0x281da5]
V  [jvm.dll+0x500d]
V  [jvm.dll+0x3f4cd3]
V  [jvm.dll+0x3f56ce]
V  [jvm.dll+0x103bdf]
V  [jvm.dll+0x2181fb]
V  [jvm.dll+0x24900a]
V  [jvm.dll+0x16a6e6]
C  [java.exe+0x2412]
C  [java.exe+0x165e0]
C  [KERNEL32.DLL+0x1257d]
C  [ntdll.dll+0x5af28]


---------------  P R O C E S S  ---------------

Java Threads: ( => current thread )

Other Threads:

=>0x0000022bb85a3000 (exited) JavaThread "Unknown thread" [_thread_in_vm, id=8020, stack(0x000000f4ca300000,0x000000f4ca400000)]

VM state:not at safepoint (normal execution)

VM Mutex/Monitor currently owned by a thread: None

heap address: 0x00000000a0c00000, size: 1524 MB, Compressed Oops mode: 32-bit
Narrow klass base: 0x0000000000000000, Narrow klass shift: 3
Compressed class space size: 1073741824 Address: 0x0000000100000000

Heap:
 PSYoungGen      total 28672K, used 491K [0x00000000e0400000, 0x00000000e2400000, 0x0000000100000000)
  eden space 24576K, 2% used [0x00000000e0400000,0x00000000e047ae20,0x00000000e1c00000)
  from space 4096K, 0% used [0x00000000e2000000,0x00000000e2000000,0x00000000e2400000)
  to   space 4096K, 0% used [0x00000000e1c00000,0x00000000e1c00000,0x00000000e2000000)
 ParOldGen       total 65536K, used 0K [0x00000000a0c00000, 0x00000000a4c00000, 0x00000000e0400000)
  object space 65536K, 0% used [0x00000000a0c00000,0x00000000a0c00000,0x00000000a4c00000)
 Metaspace       used 775K, capacity 4480K, committed 4480K, reserved 1056768K
  class space    used 76K, capacity 384K, committed 384K, reserved 1048576K

Card table byte_map: [0x0000022bc92b0000,0x0000022bc95b0000] byte_map_base: 0x0000022bc8daa000

Marking Bits: (ParMarkBitMap*) 0x00000000639bd980
 Begin Bits: [0x0000022bc97b0000, 0x0000022bcaf80000)
 End Bits:   [0x0000022bcaf80000, 0x0000022bcc750000)

Polling page: 0x0000022bb9ec0000

CodeCache: size=245760Kb used=328Kb max_used=328Kb free=245431Kb
 bounds [0x0000022bb9ef0000, 0x0000022bba160000, 0x0000022bc8ef0000]
 total_blobs=57 nmethods=0 adapters=38
 compilation: enabled

Compilation events (0 events):
No events

GC Heap History (0 events):
No events

Deoptimization events (0 events):
No events

Classes redefined (0 events):
No events

Internal exceptions (0 events):
No events

Events (10 events):
Event: 0.041 loading class java/lang/Short
Event: 0.041 loading class java/lang/Short done
Event: 0.041 loading class java/lang/Integer
Event: 0.041 loading class java/lang/Integer done
Event: 0.041 loading class java/lang/Long
Event: 0.041 loading class java/lang/Long done
Event: 0.043 loading class java/lang/NullPointerException
Event: 0.043 loading class java/lang/NullPointerException done
Event: 0.043 loading class java/lang/ArithmeticException
Event: 0.043 loading class java/lang/ArithmeticException done


Dynamic libraries:
0x00007ff79cfc0000 - 0x00007ff79d00a000 	C:\Program Files\Java\jdk-1.8\bin\java.exe
0x00007fffe3f70000 - 0x00007fffe4187000 	C:\WINDOWS\SYSTEM32\ntdll.dll
0x00007fffe2eb0000 - 0x00007fffe2f74000 	C:\WINDOWS\System32\KERNEL32.DLL
0x00007fffe18f0000 - 0x00007fffe1c9d000 	C:\WINDOWS\System32\KERNELBASE.dll
0x00007fffe3820000 - 0x00007fffe38d2000 	C:\WINDOWS\System32\ADVAPI32.dll
0x00007fffe39e0000 - 0x00007fffe3a87000 	C:\WINDOWS\System32\msvcrt.dll
0x00007fffe3d20000 - 0x00007fffe3dc9000 	C:\WINDOWS\System32\sechost.dll
0x00007fffe1330000 - 0x00007fffe1358000 	C:\WINDOWS\System32\bcrypt.dll
0x00007fffe3160000 - 0x00007fffe3274000 	C:\WINDOWS\System32\RPCRT4.dll
0x00007fffe32e0000 - 0x00007fffe348e000 	C:\WINDOWS\System32\USER32.dll
0x00007fffe13d0000 - 0x00007fffe13f6000 	C:\WINDOWS\System32\win32u.dll
0x00007fffe2330000 - 0x00007fffe2359000 	C:\WINDOWS\System32\GDI32.dll
0x00007fffe17d0000 - 0x00007fffe18e9000 	C:\WINDOWS\System32\gdi32full.dll
0x00007fffe1290000 - 0x00007fffe132a000 	C:\WINDOWS\System32\msvcp_win.dll
0x00007fffe16b0000 - 0x00007fffe17c1000 	C:\WINDOWS\System32\ucrtbase.dll
0x00007fffcdb00000 - 0x00007fffcdd93000 	C:\WINDOWS\WinSxS\amd64_microsoft.windows.common-controls_6595b64144ccf1df_6.0.22621.3672_none_2713b9d173822955\COMCTL32.dll
0x00007fffe2df0000 - 0x00007fffe2e21000 	C:\WINDOWS\System32\IMM32.DLL
0x00007fffcea50000 - 0x00007fffcea6b000 	C:\Program Files\Java\jdk-1.8\jre\bin\vcruntime140.dll
0x00007fffce7f0000 - 0x00007fffce7fc000 	C:\Program Files\Java\jdk-1.8\jre\bin\vcruntime140_1.dll
0x00007fffc6eb0000 - 0x00007fffc6f3e000 	C:\Program Files\Java\jdk-1.8\jre\bin\msvcp140.dll
0x0000000063190000 - 0x0000000063a37000 	C:\Program Files\Java\jdk-1.8\jre\bin\server\jvm.dll
0x00007fffe3150000 - 0x00007fffe3158000 	C:\WINDOWS\System32\PSAPI.DLL
0x00007fffd0e20000 - 0x00007fffd0e29000 	C:\WINDOWS\SYSTEM32\WSOCK32.dll
0x00007fffe3ba0000 - 0x00007fffe3c11000 	C:\WINDOWS\System32\WS2_32.dll
0x00007fffd9900000 - 0x00007fffd9934000 	C:\WINDOWS\SYSTEM32\WINMM.dll
0x00007fffd6670000 - 0x00007fffd667a000 	C:\WINDOWS\SYSTEM32\VERSION.dll
0x00007fffe02e0000 - 0x00007fffe02f8000 	C:\WINDOWS\SYSTEM32\kernel.appcore.dll
0x00007fffcf170000 - 0x00007fffcf180000 	C:\Program Files\Java\jdk-1.8\jre\bin\verify.dll
0x00007fffce9e0000 - 0x00007fffcea0b000 	C:\Program Files\Java\jdk-1.8\jre\bin\java.dll
0x00007fffce9c0000 - 0x00007fffce9d8000 	C:\Program Files\Java\jdk-1.8\jre\bin\zip.dll
0x00007fffdeaa0000 - 0x00007fffdecd2000 	C:\WINDOWS\SYSTEM32\dbghelp.dll
0x00007fffe3490000 - 0x00007fffe381e000 	C:\WINDOWS\System32\combase.dll
0x00007fffe3c20000 - 0x00007fffe3cf7000 	C:\WINDOWS\System32\OLEAUT32.dll
0x00007fffe1400000 - 0x00007fffe147b000 	C:\WINDOWS\System32\bcryptPrimitives.dll

VM Arguments:
jvm_args: -Dfile.encoding=UTF-8 
java_command: bankmanagementsystem.Deposit
java_class_path (initial): C:\Users\mayan\Downloads\jcalendar-tz-1.3.3-4.jar;C:\Users\mayan\Downloads\mysql-connector.jar;C:\Users\mayan\Downloads\mysql-connector-java-8.0.28.jar;C:\Users\mayan\OneDrive\Documents\NetBeansProjects\BankManagementSystem\build\classes
Launcher Type: SUN_STANDARD

Environment Variables:
PATH=C:\WINDOWS\System32;C:\Program Files\Java\jdk-1.8\bin;
USERNAME=mayan
OS=Windows_NT
PROCESSOR_IDENTIFIER=AMD64 Family 23 Model 24 Stepping 1, AuthenticAMD



---------------  S Y S T E M  ---------------

OS: Windows 11 , 64 bit Build 22621 (10.0.22621.3958)

CPU:total 4 (initial active 4) (4 cores per cpu, 1 threads per core) family 23 model 24 stepping 1, cmov, cx8, fxsr, mmx, sse, sse2, sse3, ssse3, sse4.1, sse4.2, popcnt, avx, avx2, aes, clmul, mmxext, 3dnowpref, lzcnt, sse4a, tsc, tscinvbit, tscinv, bmi1

Memory: 4k page, physical 6240460k(1017652k free), swap 25114828k(5376k free)

vm_info: Java HotSpot(TM) 64-Bit Server VM (25.371-b11) for windows-amd64 JRE (1.8.0_371-b11), built on Mar 17 2023 04:03:45 by "java_re" with MS VC++ 17.1 (VS2022)

time: Sun Sep 15 17:13:55 2024
timezone: India Standard Time
elapsed time: 0.088381 seconds (0d 0h 0m 0s)

